[0.046s] Invoking command in '/home/manav/robotis_ws/build/cmake_modules': CMAKE_PREFIX_PATH=${CMAKE_PREFIX_PATH}:/home/manav/robotis_ws/install/vel_kinematics:/home/manav/robotis_ws/install/rbe500_example_py:/home/manav/robotis_ws/install/inverse:/home/manav/robotis_ws/install/forward:/home/manav/ros2_test/install/my_robot_controller:/opt/ros/humble /usr/bin/cmake --build /home/manav/robotis_ws/build/cmake_modules -- -j4 -l4
[0.148s] Invoked command in '/home/manav/robotis_ws/build/cmake_modules' returned '0': CMAKE_PREFIX_PATH=${CMAKE_PREFIX_PATH}:/home/manav/robotis_ws/install/vel_kinematics:/home/manav/robotis_ws/install/rbe500_example_py:/home/manav/robotis_ws/install/inverse:/home/manav/robotis_ws/install/forward:/home/manav/ros2_test/install/my_robot_controller:/opt/ros/humble /usr/bin/cmake --build /home/manav/robotis_ws/build/cmake_modules -- -j4 -l4
[0.348s] Invoking command in '/home/manav/robotis_ws/build/cmake_modules': CMAKE_PREFIX_PATH=${CMAKE_PREFIX_PATH}:/home/manav/robotis_ws/install/vel_kinematics:/home/manav/robotis_ws/install/rbe500_example_py:/home/manav/robotis_ws/install/inverse:/home/manav/robotis_ws/install/forward:/home/manav/ros2_test/install/my_robot_controller:/opt/ros/humble /usr/bin/cmake --install /home/manav/robotis_ws/build/cmake_modules
[0.484s] -- Install configuration: ""
[0.484s] -- Up-to-date: /home/manav/robotis_ws/install/cmake_modules/share/cmake_modules/cmake/Modules
[0.490s] -- Up-to-date: /home/manav/robotis_ws/install/cmake_modules/share/cmake_modules/cmake/Modules/FindGSL.cmake
[0.491s] -- Up-to-date: /home/manav/robotis_ws/install/cmake_modules/share/cmake_modules/cmake/Modules/FindTinyXML.cmake
[0.498s] -- Up-to-date: /home/manav/robotis_ws/install/cmake_modules/share/cmake_modules/cmake/Modules/FindXenomai.cmake
[0.498s] -- Up-to-date: /home/manav/robotis_ws/install/cmake_modules/share/cmake_modules/cmake/Modules/FindTinyXML2.cmake
[0.500s] -- Up-to-date: /home/manav/robotis_ws/install/cmake_modules/share/cmake_modules/cmake/Modules/FindGflags.cmake
[0.500s] -- Up-to-date: /home/manav/robotis_ws/install/cmake_modules/share/cmake_modules/cmake/Modules/FindTBB.cmake
[0.504s] -- Up-to-date: /home/manav/robotis_ws/install/cmake_modules/share/cmake_modules/cmake/Modules/FindUUID.cmake
[0.504s] -- Up-to-date: /home/manav/robotis_ws/install/cmake_modules/share/cmake_modules/cmake/Modules/FindPoco.cmake
[0.505s] -- Up-to-date: /home/manav/robotis_ws/install/cmake_modules/share/cmake_modules/cmake/Modules/FindNUMPY.cmake
[0.505s] -- Up-to-date: /home/manav/robotis_ws/install/cmake_modules/share/ament_index/resource_index/package_run_dependencies/cmake_modules
[0.505s] -- Up-to-date: /home/manav/robotis_ws/install/cmake_modules/share/ament_index/resource_index/parent_prefix_path/cmake_modules
[0.505s] -- Up-to-date: /home/manav/robotis_ws/install/cmake_modules/share/cmake_modules/environment/ament_prefix_path.sh
[0.505s] -- Up-to-date: /home/manav/robotis_ws/install/cmake_modules/share/cmake_modules/environment/ament_prefix_path.dsv
[0.506s] -- Up-to-date: /home/manav/robotis_ws/install/cmake_modules/share/cmake_modules/environment/path.sh
[0.506s] -- Up-to-date: /home/manav/robotis_ws/install/cmake_modules/share/cmake_modules/environment/path.dsv
[0.518s] -- Up-to-date: /home/manav/robotis_ws/install/cmake_modules/share/cmake_modules/local_setup.bash
[0.521s] -- Up-to-date: /home/manav/robotis_ws/install/cmake_modules/share/cmake_modules/local_setup.sh
[0.521s] -- Up-to-date: /home/manav/robotis_ws/install/cmake_modules/share/cmake_modules/local_setup.zsh
[0.521s] -- Up-to-date: /home/manav/robotis_ws/install/cmake_modules/share/cmake_modules/local_setup.dsv
[0.521s] -- Installing: /home/manav/robotis_ws/install/cmake_modules/share/cmake_modules/package.dsv
[0.521s] -- Up-to-date: /home/manav/robotis_ws/install/cmake_modules/share/ament_index/resource_index/packages/cmake_modules
[0.522s] -- Up-to-date: /home/manav/robotis_ws/install/cmake_modules/share/cmake_modules/cmake/cmake_modules-extras.cmake
[0.522s] -- Up-to-date: /home/manav/robotis_ws/install/cmake_modules/share/cmake_modules/cmake/ament_cmake_export_dependencies-extras.cmake
[0.522s] -- Up-to-date: /home/manav/robotis_ws/install/cmake_modules/share/cmake_modules/cmake/cmake_modulesConfig.cmake
[0.522s] -- Up-to-date: /home/manav/robotis_ws/install/cmake_modules/share/cmake_modules/cmake/cmake_modulesConfig-version.cmake
[0.522s] -- Up-to-date: /home/manav/robotis_ws/install/cmake_modules/share/cmake_modules/package.xml
[0.550s] Invoked command in '/home/manav/robotis_ws/build/cmake_modules' returned '0': CMAKE_PREFIX_PATH=${CMAKE_PREFIX_PATH}:/home/manav/robotis_ws/install/vel_kinematics:/home/manav/robotis_ws/install/rbe500_example_py:/home/manav/robotis_ws/install/inverse:/home/manav/robotis_ws/install/forward:/home/manav/ros2_test/install/my_robot_controller:/opt/ros/humble /usr/bin/cmake --install /home/manav/robotis_ws/build/cmake_modules
[0.838s] Traceback (most recent call last):
  File "/usr/lib/python3/dist-packages/colcon_parallel_executor/executor/parallel.py", line 75, in execute
    loop.run_until_complete(future)
  File "/usr/lib/python3.10/asyncio/base_events.py", line 636, in run_until_complete
    self.run_forever()
  File "/usr/lib/python3.10/asyncio/base_events.py", line 603, in run_forever
    self._run_once()
  File "/usr/lib/python3.10/asyncio/base_events.py", line 1871, in _run_once
    event_list = self._selector.select(timeout)
  File "/usr/lib/python3.10/selectors.py", line 469, in select
    fd_event_list = self._selector.poll(timeout, max_ev)
KeyboardInterrupt

During handling of the above exception, another exception occurred:

Traceback (most recent call last):
  File "/usr/lib/python3/dist-packages/colcon_core/executor/__init__.py", line 91, in __call__
    rc = await self.task(*args, **kwargs)
  File "/usr/lib/python3/dist-packages/colcon_core/task/__init__.py", line 93, in __call__
    return await task_method(*args, **kwargs)
  File "/usr/lib/python3/dist-packages/colcon_ros/task/ament_cmake/build.py", line 65, in build
    has_install_target = await has_target(args.build_base, 'install')
  File "/usr/lib/python3/dist-packages/colcon_cmake/task/cmake/__init__.py", line 129, in has_target
    return target in await get_makefile_targets(path)
  File "/usr/lib/python3/dist-packages/colcon_cmake/task/cmake/__init__.py", line 148, in get_makefile_targets
    output = await check_output([
  File "/usr/lib/python3/dist-packages/colcon_core/subprocess.py", line 129, in check_output
    assert not rc, f'Expected {args} to pass: {stderr_data}'
AssertionError: Expected ['/usr/bin/cmake', '--build', '/home/manav/robotis_ws/build/cmake_modules', '--target', 'help'] to pass: 
