[1.174s] Invoking command in '/home/manav/robotis_ws/build/my_service_package': CMAKE_PREFIX_PATH=${CMAKE_PREFIX_PATH}:/home/manav/robotis_ws/install/vel_kinematics:/home/manav/robotis_ws/install/rbe500_example_py:/home/manav/robotis_ws/install/inverse:/home/manav/robotis_ws/install/forward:/home/manav/ros2_test/install/my_robot_controller:/opt/ros/humble /usr/bin/cmake --build /home/manav/robotis_ws/build/my_service_package -- -j4 -l4
[1.297s] -- Found ament_cmake: 1.3.10 (/opt/ros/humble/share/ament_cmake/cmake)
[2.099s] -- Found ament_lint_auto: 0.12.11 (/opt/ros/humble/share/ament_lint_auto/cmake)
[2.491s] -- Found geometry_msgs: 4.2.4 (/opt/ros/humble/share/geometry_msgs/cmake)
[2.587s] -- Found rosidl_generator_c: 3.1.5 (/opt/ros/humble/share/rosidl_generator_c/cmake)
[2.597s] -- Found rosidl_adapter: 3.1.5 (/opt/ros/humble/share/rosidl_adapter/cmake)
[2.622s] -- Found rosidl_generator_cpp: 3.1.5 (/opt/ros/humble/share/rosidl_generator_cpp/cmake)
[2.655s] -- Using all available rosidl_typesupport_c: rosidl_typesupport_fastrtps_c;rosidl_typesupport_introspection_c
[2.717s] -- Using all available rosidl_typesupport_cpp: rosidl_typesupport_fastrtps_cpp;rosidl_typesupport_introspection_cpp
[2.887s] -- Found rosidl_default_generators: 1.2.0 (/opt/ros/humble/share/rosidl_default_generators/cmake)
[3.935s] [31mCMake Error at /opt/ros/humble/share/rosidl_adapter/cmake/rosidl_adapt_interfaces.cmake:59 (message):
[3.936s]   execute_process(/usr/bin/python3 -m rosidl_adapter --package-name
[3.936s]   my_service_package --arguments-file
[3.936s]   /home/manav/robotis_ws/build/my_service_package/rosidl_adapter__arguments__my_service_package.json
[3.936s]   --output-dir
[3.936s]   /home/manav/robotis_ws/build/my_service_package/rosidl_adapter/my_service_package
[3.936s]   --output-file
[3.937s]   /home/manav/robotis_ws/build/my_service_package/rosidl_adapter/my_service_package.idls)
[3.937s]   returned error code 1:
[3.937s] 
[3.937s]   Traceback (most recent call last):
[3.937s] 
[3.937s]     File "/usr/lib/python3.10/runpy.py", line 196, in _run_module_as_main
[3.937s]       return _run_code(code, main_globals, None,
[3.938s]     File "/usr/lib/python3.10/runpy.py", line 86, in _run_code
[3.938s]       exec(code, run_globals)
[3.938s]     File "/opt/ros/humble/local/lib/python3.10/dist-packages/rosidl_adapter/__main__.py", line 19, in <module>
[3.938s]       sys.exit(main())
[3.938s]     File "/opt/ros/humble/local/lib/python3.10/dist-packages/rosidl_adapter/main.py", line 53, in main
[3.944s]       abs_idl_file = convert_to_idl(
[3.945s]     File "/opt/ros/humble/local/lib/python3.10/dist-packages/rosidl_adapter/__init__.py", line 24, in convert_to_idl
[3.950s]       return convert_srv_to_idl(
[3.951s]     File "/opt/ros/humble/local/lib/python3.10/dist-packages/rosidl_adapter/srv/__init__.py", line 28, in convert_srv_to_idl
[3.951s]       srv = parse_service_string(package_name, input_file.stem, content)
[3.951s]     File "/opt/ros/humble/local/lib/python3.10/dist-packages/rosidl_adapter/parser.py", line 859, in parse_service_string
[3.951s]       request_message = parse_message_string(
[3.951s]     File "/opt/ros/humble/local/lib/python3.10/dist-packages/rosidl_adapter/parser.py", line 544, in parse_message_string
[3.951s]       msg = MessageSpecification(pkg_name, msg_name, fields, constants)
[3.952s]     File "/opt/ros/humble/local/lib/python3.10/dist-packages/rosidl_adapter/parser.py", line 388, in __init__
[3.952s]       self.base_type = BaseType(
[3.952s]     File "/opt/ros/humble/local/lib/python3.10/dist-packages/rosidl_adapter/parser.py", line 205, in __init__
[3.952s]       raise InvalidResourceName(
[3.955s] 
[3.956s]   rosidl_adapter.parser.InvalidResourceName: 'Joint_Velservice_Request' is an
[3.956s]   invalid message name.  It should have the pattern '^[A-Z][A-Za-z0-9]*$'
[3.956s] 
[3.956s] Call Stack (most recent call first):
[3.960s]   /opt/ros/humble/share/rosidl_cmake/cmake/rosidl_generate_interfaces.cmake:130 (rosidl_adapt_interfaces)
[3.961s]   CMakeLists.txt:29 (rosidl_generate_interfaces)
[3.961s] 
[3.961s] [0m
[3.964s] -- Configuring incomplete, errors occurred!
[3.964s] See also "/home/manav/robotis_ws/build/my_service_package/CMakeFiles/CMakeOutput.log".
[3.975s] gmake: *** [Makefile:963: cmake_check_build_system] Error 1
[4.863s] Invoked command in '/home/manav/robotis_ws/build/my_service_package' returned '2': CMAKE_PREFIX_PATH=${CMAKE_PREFIX_PATH}:/home/manav/robotis_ws/install/vel_kinematics:/home/manav/robotis_ws/install/rbe500_example_py:/home/manav/robotis_ws/install/inverse:/home/manav/robotis_ws/install/forward:/home/manav/ros2_test/install/my_robot_controller:/opt/ros/humble /usr/bin/cmake --build /home/manav/robotis_ws/build/my_service_package -- -j4 -l4
