[0.119s] Invoking command in '/home/manav/robotis_ws/build/robotis_manipulator': CMAKE_PREFIX_PATH=/home/manav/robotis_ws/install/cmake_modules:/home/manav/robotis_ws/install/open_manipulator:/home/manav/robotis_ws/install/open_manipulator_x_controller:/home/manav/robotis_ws/install/open_manipulator_x_libs:/home/manav/robotis_ws/install/robotis_manipulator:/home/manav/robotis_ws/install/rbe500-example:/home/manav/robotis_ws/install/open_manipulator_x_description:/home/manav/robotis_ws/install/open_manipulator_msgs:/home/manav/robotis_ws/install/my_service_package:/home/manav/robotis_ws/install/dynamixel_workbench:/home/manav/robotis_ws/install/dynamixel_workbench_toolbox:/home/manav/robotis_ws/install/dynamixel_sdk_examples:/home/manav/robotis_ws/install/dynamixel_sdk_custom_interfaces:/home/manav/robotis_ws/install/dynamixel_sdk:/home/manav/robotis_ws/install/vel_kinematics:/home/manav/robotis_ws/install/rbe500_example_py:/home/manav/robotis_ws/install/inverse:/home/manav/robotis_ws/install/forward:/home/manav/ros2_test/install/my_robot_controller:/opt/ros/humble /usr/bin/cmake --build /home/manav/robotis_ws/build/robotis_manipulator -- -j4 -l4
[0.622s] [100%] Built target robotis_manipulator
[0.753s] Invoked command in '/home/manav/robotis_ws/build/robotis_manipulator' returned '0': CMAKE_PREFIX_PATH=/home/manav/robotis_ws/install/cmake_modules:/home/manav/robotis_ws/install/open_manipulator:/home/manav/robotis_ws/install/open_manipulator_x_controller:/home/manav/robotis_ws/install/open_manipulator_x_libs:/home/manav/robotis_ws/install/robotis_manipulator:/home/manav/robotis_ws/install/rbe500-example:/home/manav/robotis_ws/install/open_manipulator_x_description:/home/manav/robotis_ws/install/open_manipulator_msgs:/home/manav/robotis_ws/install/my_service_package:/home/manav/robotis_ws/install/dynamixel_workbench:/home/manav/robotis_ws/install/dynamixel_workbench_toolbox:/home/manav/robotis_ws/install/dynamixel_sdk_examples:/home/manav/robotis_ws/install/dynamixel_sdk_custom_interfaces:/home/manav/robotis_ws/install/dynamixel_sdk:/home/manav/robotis_ws/install/vel_kinematics:/home/manav/robotis_ws/install/rbe500_example_py:/home/manav/robotis_ws/install/inverse:/home/manav/robotis_ws/install/forward:/home/manav/ros2_test/install/my_robot_controller:/opt/ros/humble /usr/bin/cmake --build /home/manav/robotis_ws/build/robotis_manipulator -- -j4 -l4
[1.059s] Traceback (most recent call last):
  File "/usr/lib/python3/dist-packages/colcon_parallel_executor/executor/parallel.py", line 75, in execute
    loop.run_until_complete(future)
  File "/usr/lib/python3.10/asyncio/base_events.py", line 636, in run_until_complete
    self.run_forever()
  File "/usr/lib/python3.10/asyncio/base_events.py", line 603, in run_forever
    self._run_once()
  File "/usr/lib/python3.10/asyncio/base_events.py", line 1871, in _run_once
    event_list = self._selector.select(timeout)
  File "/usr/lib/python3.10/selectors.py", line 469, in select
    fd_event_list = self._selector.poll(timeout, max_ev)
KeyboardInterrupt

During handling of the above exception, another exception occurred:

Traceback (most recent call last):
  File "/usr/lib/python3/dist-packages/colcon_core/executor/__init__.py", line 91, in __call__
    rc = await self.task(*args, **kwargs)
  File "/usr/lib/python3/dist-packages/colcon_core/task/__init__.py", line 93, in __call__
    return await task_method(*args, **kwargs)
  File "/usr/lib/python3/dist-packages/colcon_ros/task/ament_cmake/build.py", line 59, in build
    rc = await extension.build(
  File "/usr/lib/python3/dist-packages/colcon_cmake/task/cmake/build.py", line 108, in build
    if await has_target(args.build_base, 'install'):
  File "/usr/lib/python3/dist-packages/colcon_cmake/task/cmake/__init__.py", line 129, in has_target
    return target in await get_makefile_targets(path)
  File "/usr/lib/python3/dist-packages/colcon_cmake/task/cmake/__init__.py", line 148, in get_makefile_targets
    output = await check_output([
  File "/usr/lib/python3/dist-packages/colcon_core/subprocess.py", line 129, in check_output
    assert not rc, f'Expected {args} to pass: {stderr_data}'
AssertionError: Expected ['/usr/bin/cmake', '--build', '/home/manav/robotis_ws/build/robotis_manipulator', '--target', 'help'] to pass: gmake: *** [Makefile:386: help] Interrupt

