[0.049s] Invoking command in '/home/manav/robotis_ws/build/my_service_package': CMAKE_PREFIX_PATH=${CMAKE_PREFIX_PATH}:/home/manav/robotis_ws/install/vel_kinematics:/home/manav/robotis_ws/install/rbe500_example_py:/home/manav/robotis_ws/install/inverse:/home/manav/robotis_ws/install/forward:/home/manav/ros2_test/install/my_robot_controller:/opt/ros/humble /usr/bin/cmake --build /home/manav/robotis_ws/build/my_service_package -- -j4 -l4
[0.193s] -- Found ament_cmake: 1.3.10 (/opt/ros/humble/share/ament_cmake/cmake)
[0.679s] -- Found ament_lint_auto: 0.12.11 (/opt/ros/humble/share/ament_lint_auto/cmake)
[1.076s] -- Found geometry_msgs: 4.2.4 (/opt/ros/humble/share/geometry_msgs/cmake)
[1.238s] -- Found rosidl_generator_c: 3.1.5 (/opt/ros/humble/share/rosidl_generator_c/cmake)
[1.239s] -- Found rosidl_adapter: 3.1.5 (/opt/ros/humble/share/rosidl_adapter/cmake)
[1.267s] -- Found rosidl_generator_cpp: 3.1.5 (/opt/ros/humble/share/rosidl_generator_cpp/cmake)
[1.348s] -- Using all available rosidl_typesupport_c: rosidl_typesupport_fastrtps_c;rosidl_typesupport_introspection_c
[1.453s] -- Using all available rosidl_typesupport_cpp: rosidl_typesupport_fastrtps_cpp;rosidl_typesupport_introspection_cpp
[1.693s] -- Found rosidl_default_generators: 1.2.0 (/opt/ros/humble/share/rosidl_default_generators/cmake)
[2.370s] [31mCMake Error at /opt/ros/humble/share/rosidl_adapter/cmake/rosidl_adapt_interfaces.cmake:59 (message):
[2.370s]   execute_process(/usr/bin/python3 -m rosidl_adapter --package-name
[2.370s]   my_service_package --arguments-file
[2.370s]   /home/manav/robotis_ws/build/my_service_package/rosidl_adapter__arguments__my_service_package.json
[2.370s]   --output-dir
[2.370s]   /home/manav/robotis_ws/build/my_service_package/rosidl_adapter/my_service_package
[2.371s]   --output-file
[2.371s]   /home/manav/robotis_ws/build/my_service_package/rosidl_adapter/my_service_package.idls)
[2.371s]   returned error code 1:
[2.371s] 
[2.371s]   Error processing 'geometry_msgs/msg/Twist endeffector_velocity' of
[2.371s]   'my_service_package/EndeffectorVelservice_Request':
[2.378s]   'geometry_msgs/msg/Twist'
[2.378s] 
[2.378s]   Traceback (most recent call last):
[2.378s] 
[2.378s]     File "/usr/lib/python3.10/runpy.py", line 196, in _run_module_as_main
[2.378s]       return _run_code(code, main_globals, None,
[2.381s]     File "/usr/lib/python3.10/runpy.py", line 86, in _run_code
[2.382s]       exec(code, run_globals)
[2.382s]     File "/opt/ros/humble/local/lib/python3.10/dist-packages/rosidl_adapter/__main__.py", line 19, in <module>
[2.382s]       sys.exit(main())
[2.382s]     File "/opt/ros/humble/local/lib/python3.10/dist-packages/rosidl_adapter/main.py", line 53, in main
[2.382s]       abs_idl_file = convert_to_idl(
[2.382s]     File "/opt/ros/humble/local/lib/python3.10/dist-packages/rosidl_adapter/__init__.py", line 24, in convert_to_idl
[2.382s]       return convert_srv_to_idl(
[2.388s]     File "/opt/ros/humble/local/lib/python3.10/dist-packages/rosidl_adapter/srv/__init__.py", line 28, in convert_srv_to_idl
[2.388s]       srv = parse_service_string(package_name, input_file.stem, content)
[2.388s]     File "/opt/ros/humble/local/lib/python3.10/dist-packages/rosidl_adapter/parser.py", line 859, in parse_service_string
[2.388s]       request_message = parse_message_string(
[2.391s]     File "/opt/ros/humble/local/lib/python3.10/dist-packages/rosidl_adapter/parser.py", line 520, in parse_message_string
[2.391s]       Type(type_string, context_package_name=pkg_name),
[2.391s]     File "/opt/ros/humble/local/lib/python3.10/dist-packages/rosidl_adapter/parser.py", line 277, in __init__
[2.391s]       super(Type, self).__init__(
[2.392s]     File "/opt/ros/humble/local/lib/python3.10/dist-packages/rosidl_adapter/parser.py", line 190, in __init__
[2.392s]       raise InvalidResourceName(type_string)
[2.395s] 
[2.395s]   rosidl_adapter.parser.InvalidResourceName: geometry_msgs/msg/Twist
[2.395s] 
[2.395s] Call Stack (most recent call first):
[2.395s]   /opt/ros/humble/share/rosidl_cmake/cmake/rosidl_generate_interfaces.cmake:130 (rosidl_adapt_interfaces)
[2.395s]   CMakeLists.txt:29 (rosidl_generate_interfaces)
[2.396s] 
[2.396s] [0m
[2.402s] -- Configuring incomplete, errors occurred!
[2.402s] See also "/home/manav/robotis_ws/build/my_service_package/CMakeFiles/CMakeOutput.log".
[2.426s] gmake: *** [Makefile:1395: cmake_check_build_system] Error 1
[2.499s] Invoked command in '/home/manav/robotis_ws/build/my_service_package' returned '2': CMAKE_PREFIX_PATH=${CMAKE_PREFIX_PATH}:/home/manav/robotis_ws/install/vel_kinematics:/home/manav/robotis_ws/install/rbe500_example_py:/home/manav/robotis_ws/install/inverse:/home/manav/robotis_ws/install/forward:/home/manav/ros2_test/install/my_robot_controller:/opt/ros/humble /usr/bin/cmake --build /home/manav/robotis_ws/build/my_service_package -- -j4 -l4
