[0.055s] Invoking command in '/home/manav/robotis_ws/build/my_service_package': CMAKE_PREFIX_PATH=${CMAKE_PREFIX_PATH}:/home/manav/robotis_ws/install/vel_kinematics:/home/manav/robotis_ws/install/rbe500_example_py:/home/manav/robotis_ws/install/inverse:/home/manav/robotis_ws/install/forward:/home/manav/ros2_test/install/my_robot_controller:/opt/ros/humble /usr/bin/cmake --build /home/manav/robotis_ws/build/my_service_package -- -j4 -l4
[0.354s] gmake[1]: *** [CMakeFiles/Makefile2:421: CMakeFiles/ament_cmake_python_copy_my_service_package.dir/all] Interrupt
[0.355s] gmake[2]: *** [CMakeFiles/my_service_package__rosidl_generator_c.dir/build.make:317: CMakeFiles/my_service_package__rosidl_generator_c.dir/depend] Interrupt
[0.357s] gmake[1]: *** [CMakeFiles/Makefile2:212: CMakeFiles/my_service_package__rosidl_generator_c.dir/all] Interrupt
[0.359s] gmake[1]: *** [CMakeFiles/Makefile2:266: CMakeFiles/my_service_package__cpp.dir/all] Interrupt
[0.369s] gmake: *** [Makefile:146: all] Interrupt
[0.381s] Invoked command in '/home/manav/robotis_ws/build/my_service_package' returned '-2': CMAKE_PREFIX_PATH=${CMAKE_PREFIX_PATH}:/home/manav/robotis_ws/install/vel_kinematics:/home/manav/robotis_ws/install/rbe500_example_py:/home/manav/robotis_ws/install/inverse:/home/manav/robotis_ws/install/forward:/home/manav/ros2_test/install/my_robot_controller:/opt/ros/humble /usr/bin/cmake --build /home/manav/robotis_ws/build/my_service_package -- -j4 -l4
