[0.000000] (-) TimerEvent: {}
[0.000964] (cmake_modules) JobQueued: {'identifier': 'cmake_modules', 'dependencies': OrderedDict()}
[0.001211] (dynamixel_sdk) JobQueued: {'identifier': 'dynamixel_sdk', 'dependencies': OrderedDict()}
[0.001526] (dynamixel_sdk_custom_interfaces) JobQueued: {'identifier': 'dynamixel_sdk_custom_interfaces', 'dependencies': OrderedDict()}
[0.001641] (forward) JobQueued: {'identifier': 'forward', 'dependencies': OrderedDict()}
[0.001684] (inverse) JobQueued: {'identifier': 'inverse', 'dependencies': OrderedDict()}
[0.001732] (my_service_package) JobQueued: {'identifier': 'my_service_package', 'dependencies': OrderedDict()}
[0.001826] (open_manipulator_msgs) JobQueued: {'identifier': 'open_manipulator_msgs', 'dependencies': OrderedDict()}
[0.001908] (open_manipulator_x_description) JobQueued: {'identifier': 'open_manipulator_x_description', 'dependencies': OrderedDict()}
[0.001985] (rbe500_example_py) JobQueued: {'identifier': 'rbe500_example_py', 'dependencies': OrderedDict()}
[0.002025] (vel_kinematics) JobQueued: {'identifier': 'vel_kinematics', 'dependencies': OrderedDict()}
[0.002063] (dynamixel_sdk_examples) JobQueued: {'identifier': 'dynamixel_sdk_examples', 'dependencies': OrderedDict([('dynamixel_sdk', '/home/manav/robotis_ws/install/dynamixel_sdk'), ('dynamixel_sdk_custom_interfaces', '/home/manav/robotis_ws/install/dynamixel_sdk_custom_interfaces')])}
[0.002137] (dynamixel_workbench_toolbox) JobQueued: {'identifier': 'dynamixel_workbench_toolbox', 'dependencies': OrderedDict([('dynamixel_sdk', '/home/manav/robotis_ws/install/dynamixel_sdk')])}
[0.002179] (rbe500-example) JobQueued: {'identifier': 'rbe500-example', 'dependencies': OrderedDict([('open_manipulator_msgs', '/home/manav/robotis_ws/install/open_manipulator_msgs')])}
[0.002250] (robotis_manipulator) JobQueued: {'identifier': 'robotis_manipulator', 'dependencies': OrderedDict([('cmake_modules', '/home/manav/robotis_ws/install/cmake_modules')])}
[0.002319] (dynamixel_workbench) JobQueued: {'identifier': 'dynamixel_workbench', 'dependencies': OrderedDict([('dynamixel_sdk', '/home/manav/robotis_ws/install/dynamixel_sdk'), ('dynamixel_workbench_toolbox', '/home/manav/robotis_ws/install/dynamixel_workbench_toolbox')])}
[0.002370] (open_manipulator_x_libs) JobQueued: {'identifier': 'open_manipulator_x_libs', 'dependencies': OrderedDict([('cmake_modules', '/home/manav/robotis_ws/install/cmake_modules'), ('dynamixel_sdk', '/home/manav/robotis_ws/install/dynamixel_sdk'), ('dynamixel_workbench_toolbox', '/home/manav/robotis_ws/install/dynamixel_workbench_toolbox'), ('robotis_manipulator', '/home/manav/robotis_ws/install/robotis_manipulator')])}
[0.002447] (open_manipulator_x_controller) JobQueued: {'identifier': 'open_manipulator_x_controller', 'dependencies': OrderedDict([('cmake_modules', '/home/manav/robotis_ws/install/cmake_modules'), ('dynamixel_sdk', '/home/manav/robotis_ws/install/dynamixel_sdk'), ('open_manipulator_msgs', '/home/manav/robotis_ws/install/open_manipulator_msgs'), ('dynamixel_workbench_toolbox', '/home/manav/robotis_ws/install/dynamixel_workbench_toolbox'), ('robotis_manipulator', '/home/manav/robotis_ws/install/robotis_manipulator'), ('open_manipulator_x_libs', '/home/manav/robotis_ws/install/open_manipulator_x_libs')])}
[0.002501] (open_manipulator) JobQueued: {'identifier': 'open_manipulator', 'dependencies': OrderedDict([('cmake_modules', '/home/manav/robotis_ws/install/cmake_modules'), ('dynamixel_sdk', '/home/manav/robotis_ws/install/dynamixel_sdk'), ('open_manipulator_msgs', '/home/manav/robotis_ws/install/open_manipulator_msgs'), ('open_manipulator_x_description', '/home/manav/robotis_ws/install/open_manipulator_x_description'), ('dynamixel_workbench_toolbox', '/home/manav/robotis_ws/install/dynamixel_workbench_toolbox'), ('robotis_manipulator', '/home/manav/robotis_ws/install/robotis_manipulator'), ('open_manipulator_x_libs', '/home/manav/robotis_ws/install/open_manipulator_x_libs'), ('open_manipulator_x_controller', '/home/manav/robotis_ws/install/open_manipulator_x_controller')])}
[0.002581] (dynamixel_sdk) JobStarted: {'identifier': 'dynamixel_sdk'}
[0.012792] (cmake_modules) JobStarted: {'identifier': 'cmake_modules'}
[0.021333] (open_manipulator_msgs) JobStarted: {'identifier': 'open_manipulator_msgs'}
[0.033165] (dynamixel_sdk_custom_interfaces) JobStarted: {'identifier': 'dynamixel_sdk_custom_interfaces'}
[0.046725] (dynamixel_sdk) JobProgress: {'identifier': 'dynamixel_sdk', 'progress': 'cmake'}
[0.047549] (dynamixel_sdk) JobProgress: {'identifier': 'dynamixel_sdk', 'progress': 'build'}
[0.048824] (dynamixel_sdk) Command: {'cmd': ['/usr/bin/cmake', '--build', '/home/manav/robotis_ws/build/dynamixel_sdk', '--', '-j4', '-l4'], 'cwd': '/home/manav/robotis_ws/build/dynamixel_sdk', 'env': OrderedDict([('LESSOPEN', '| /usr/bin/lesspipe %s'), ('LANGUAGE', 'en_IN:en'), ('USER', 'manav'), ('XDG_SESSION_TYPE', 'wayland'), ('SHLVL', '1'), ('LD_LIBRARY_PATH', '/home/manav/robotis_ws/install/open_manipulator_x_libs/lib:/home/manav/robotis_ws/install/robotis_manipulator/lib:/home/manav/robotis_ws/install/open_manipulator_msgs/lib:/home/manav/robotis_ws/install/my_service_package/lib:/home/manav/robotis_ws/install/dynamixel_workbench_toolbox/lib:/home/manav/robotis_ws/install/dynamixel_sdk_custom_interfaces/lib:/home/manav/robotis_ws/install/dynamixel_sdk/lib:/opt/ros/humble/opt/rviz_ogre_vendor/lib:/opt/ros/humble/lib/x86_64-linux-gnu:/opt/ros/humble/lib'), ('HOME', '/home/manav'), ('DESKTOP_SESSION', 'ubuntu'), ('ROS_PYTHON_VERSION', '3'), ('GNOME_SHELL_SESSION_MODE', 'ubuntu'), ('GTK_MODULES', 'gail:atk-bridge'), ('SYSTEMD_EXEC_PID', '461667'), ('DBUS_SESSION_BUS_ADDRESS', 'unix:path=/run/user/1000/bus'), ('COLORTERM', 'truecolor'), ('IM_CONFIG_PHASE', '1'), ('WAYLAND_DISPLAY', 'wayland-0'), ('COLCON_PREFIX_PATH', '/home/manav/robotis_ws/install:/home/manav/ros2_test/install'), ('ROS_DISTRO', 'humble'), ('LOGNAME', 'manav'), ('_', '/usr/bin/colcon'), ('ROS_VERSION', '2'), ('XDG_SESSION_CLASS', 'user'), ('USERNAME', 'manav'), ('TERM', 'xterm-256color'), ('GNOME_DESKTOP_SESSION_ID', 'this-is-deprecated'), ('ROS_LOCALHOST_ONLY', '0'), ('PATH', '/opt/ros/humble/bin:/usr/local/sbin:/usr/local/bin:/usr/sbin:/usr/bin:/sbin:/bin:/usr/games:/usr/local/games:/snap/bin:/snap/bin'), ('SESSION_MANAGER', 'local/manav-Inspiron-5559:@/tmp/.ICE-unix/1569,unix/manav-Inspiron-5559:/tmp/.ICE-unix/1569'), ('XDG_MENU_PREFIX', 'gnome-'), ('GNOME_TERMINAL_SCREEN', '/org/gnome/Terminal/screen/9c60ffa5_26f3_41a0_a441_ae6666d983ad'), ('GNOME_SETUP_DISPLAY', ':1'), ('XDG_RUNTIME_DIR', '/run/user/1000'), ('DISPLAY', ':0'), ('LANG', 'en_US.UTF-8'), ('XDG_CURRENT_DESKTOP', 'ubuntu:GNOME'), ('XMODIFIERS', '@im=ibus'), ('XDG_SESSION_DESKTOP', 'ubuntu'), ('XAUTHORITY', '/run/user/1000/.mutter-Xwaylandauth.NBH3X2'), ('LS_COLORS', 'rs=0:di=01;34:ln=01;36:mh=00:pi=40;33:so=01;35:do=01;35:bd=40;33;01:cd=40;33;01:or=40;31;01:mi=00:su=37;41:sg=30;43:ca=30;41:tw=30;42:ow=34;42:st=37;44:ex=01;32:*.tar=01;31:*.tgz=01;31:*.arc=01;31:*.arj=01;31:*.taz=01;31:*.lha=01;31:*.lz4=01;31:*.lzh=01;31:*.lzma=01;31:*.tlz=01;31:*.txz=01;31:*.tzo=01;31:*.t7z=01;31:*.zip=01;31:*.z=01;31:*.dz=01;31:*.gz=01;31:*.lrz=01;31:*.lz=01;31:*.lzo=01;31:*.xz=01;31:*.zst=01;31:*.tzst=01;31:*.bz2=01;31:*.bz=01;31:*.tbz=01;31:*.tbz2=01;31:*.tz=01;31:*.deb=01;31:*.rpm=01;31:*.jar=01;31:*.war=01;31:*.ear=01;31:*.sar=01;31:*.rar=01;31:*.alz=01;31:*.ace=01;31:*.zoo=01;31:*.cpio=01;31:*.7z=01;31:*.rz=01;31:*.cab=01;31:*.wim=01;31:*.swm=01;31:*.dwm=01;31:*.esd=01;31:*.jpg=01;35:*.jpeg=01;35:*.mjpg=01;35:*.mjpeg=01;35:*.gif=01;35:*.bmp=01;35:*.pbm=01;35:*.pgm=01;35:*.ppm=01;35:*.tga=01;35:*.xbm=01;35:*.xpm=01;35:*.tif=01;35:*.tiff=01;35:*.png=01;35:*.svg=01;35:*.svgz=01;35:*.mng=01;35:*.pcx=01;35:*.mov=01;35:*.mpg=01;35:*.mpeg=01;35:*.m2v=01;35:*.mkv=01;35:*.webm=01;35:*.webp=01;35:*.ogm=01;35:*.mp4=01;35:*.m4v=01;35:*.mp4v=01;35:*.vob=01;35:*.qt=01;35:*.nuv=01;35:*.wmv=01;35:*.asf=01;35:*.rm=01;35:*.rmvb=01;35:*.flc=01;35:*.avi=01;35:*.fli=01;35:*.flv=01;35:*.gl=01;35:*.dl=01;35:*.xcf=01;35:*.xwd=01;35:*.yuv=01;35:*.cgm=01;35:*.emf=01;35:*.ogv=01;35:*.ogx=01;35:*.aac=00;36:*.au=00;36:*.flac=00;36:*.m4a=00;36:*.mid=00;36:*.midi=00;36:*.mka=00;36:*.mp3=00;36:*.mpc=00;36:*.ogg=00;36:*.ra=00;36:*.wav=00;36:*.oga=00;36:*.opus=00;36:*.spx=00;36:*.xspf=00;36:'), ('GNOME_TERMINAL_SERVICE', ':1.3045'), ('SSH_AGENT_LAUNCHER', 'gnome-keyring'), ('SSH_AUTH_SOCK', '/run/user/1000/keyring/ssh'), ('AMENT_PREFIX_PATH', '/home/manav/robotis_ws/install/vel_kinematics:/home/manav/robotis_ws/install/open_manipulator:/home/manav/robotis_ws/install/open_manipulator_x_controller:/home/manav/robotis_ws/install/open_manipulator_x_libs:/home/manav/robotis_ws/install/robotis_manipulator:/home/manav/robotis_ws/install/rbe500_example_py:/home/manav/robotis_ws/install/rbe500-example:/home/manav/robotis_ws/install/open_manipulator_x_description:/home/manav/robotis_ws/install/open_manipulator_msgs:/home/manav/robotis_ws/install/my_service_package:/home/manav/robotis_ws/install/inverse:/home/manav/robotis_ws/install/forward:/home/manav/robotis_ws/install/dynamixel_workbench:/home/manav/robotis_ws/install/dynamixel_workbench_toolbox:/home/manav/robotis_ws/install/dynamixel_sdk_examples:/home/manav/robotis_ws/install/dynamixel_sdk_custom_interfaces:/home/manav/robotis_ws/install/dynamixel_sdk:/home/manav/robotis_ws/install/cmake_modules:/home/manav/ros2_test/install/my_robot_controller:/opt/ros/humble'), ('SHELL', '/bin/bash'), ('QT_ACCESSIBILITY', '1'), ('GDMSESSION', 'ubuntu'), ('LESSCLOSE', '/usr/bin/lesspipe %s %s'), ('QT_IM_MODULE', 'ibus'), ('PWD', '/home/manav/robotis_ws/build/dynamixel_sdk'), ('LC_ALL', 'en_US.UTF-8'), ('XDG_CONFIG_DIRS', '/etc/xdg/xdg-ubuntu:/etc/xdg'), ('XDG_DATA_DIRS', '/usr/share/ubuntu:/usr/local/share/:/usr/share/:/var/lib/snapd/desktop'), ('PYTHONPATH', '/home/manav/robotis_ws/install/vel_kinematics/lib/python3.10/site-packages:/home/manav/robotis_ws/install/rbe500_example_py/lib/python3.10/site-packages:/home/manav/robotis_ws/install/open_manipulator_msgs/local/lib/python3.10/dist-packages:/home/manav/robotis_ws/install/my_service_package/local/lib/python3.10/dist-packages:/home/manav/robotis_ws/install/inverse/lib/python3.10/site-packages:/home/manav/robotis_ws/install/forward/lib/python3.10/site-packages:/home/manav/robotis_ws/install/dynamixel_sdk_custom_interfaces/local/lib/python3.10/dist-packages:/home/manav/ros2_test/build/my_robot_controller:/home/manav/ros2_test/install/my_robot_controller/lib/python3.10/site-packages:/opt/ros/humble/lib/python3.10/site-packages:/opt/ros/humble/local/lib/python3.10/dist-packages'), ('COLCON', '1'), ('VTE_VERSION', '6800'), ('CMAKE_PREFIX_PATH', '/home/manav/robotis_ws/install/open_manipulator:/home/manav/robotis_ws/install/open_manipulator_x_controller:/home/manav/robotis_ws/install/open_manipulator_x_libs:/home/manav/robotis_ws/install/robotis_manipulator:/home/manav/robotis_ws/install/rbe500-example:/home/manav/robotis_ws/install/open_manipulator_x_description:/home/manav/robotis_ws/install/open_manipulator_msgs:/home/manav/robotis_ws/install/my_service_package:/home/manav/robotis_ws/install/dynamixel_workbench:/home/manav/robotis_ws/install/dynamixel_workbench_toolbox:/home/manav/robotis_ws/install/dynamixel_sdk_examples:/home/manav/robotis_ws/install/dynamixel_sdk_custom_interfaces:/home/manav/robotis_ws/install/dynamixel_sdk:/home/manav/robotis_ws/install/cmake_modules:/home/manav/robotis_ws/install/vel_kinematics:/home/manav/robotis_ws/install/rbe500_example_py:/home/manav/robotis_ws/install/inverse:/home/manav/robotis_ws/install/forward:/home/manav/ros2_test/install/my_robot_controller:/opt/ros/humble')]), 'shell': False}
[0.054064] (cmake_modules) JobProgress: {'identifier': 'cmake_modules', 'progress': 'cmake'}
[0.055149] (cmake_modules) JobProgress: {'identifier': 'cmake_modules', 'progress': 'build'}
[0.055810] (cmake_modules) Command: {'cmd': ['/usr/bin/cmake', '--build', '/home/manav/robotis_ws/build/cmake_modules', '--', '-j4', '-l4'], 'cwd': '/home/manav/robotis_ws/build/cmake_modules', 'env': OrderedDict([('LESSOPEN', '| /usr/bin/lesspipe %s'), ('LANGUAGE', 'en_IN:en'), ('USER', 'manav'), ('XDG_SESSION_TYPE', 'wayland'), ('SHLVL', '1'), ('LD_LIBRARY_PATH', '/home/manav/robotis_ws/install/open_manipulator_x_libs/lib:/home/manav/robotis_ws/install/robotis_manipulator/lib:/home/manav/robotis_ws/install/open_manipulator_msgs/lib:/home/manav/robotis_ws/install/my_service_package/lib:/home/manav/robotis_ws/install/dynamixel_workbench_toolbox/lib:/home/manav/robotis_ws/install/dynamixel_sdk_custom_interfaces/lib:/home/manav/robotis_ws/install/dynamixel_sdk/lib:/opt/ros/humble/opt/rviz_ogre_vendor/lib:/opt/ros/humble/lib/x86_64-linux-gnu:/opt/ros/humble/lib'), ('HOME', '/home/manav'), ('DESKTOP_SESSION', 'ubuntu'), ('ROS_PYTHON_VERSION', '3'), ('GNOME_SHELL_SESSION_MODE', 'ubuntu'), ('GTK_MODULES', 'gail:atk-bridge'), ('SYSTEMD_EXEC_PID', '461667'), ('DBUS_SESSION_BUS_ADDRESS', 'unix:path=/run/user/1000/bus'), ('COLORTERM', 'truecolor'), ('IM_CONFIG_PHASE', '1'), ('WAYLAND_DISPLAY', 'wayland-0'), ('COLCON_PREFIX_PATH', '/home/manav/robotis_ws/install:/home/manav/ros2_test/install'), ('ROS_DISTRO', 'humble'), ('LOGNAME', 'manav'), ('_', '/usr/bin/colcon'), ('ROS_VERSION', '2'), ('XDG_SESSION_CLASS', 'user'), ('USERNAME', 'manav'), ('TERM', 'xterm-256color'), ('GNOME_DESKTOP_SESSION_ID', 'this-is-deprecated'), ('ROS_LOCALHOST_ONLY', '0'), ('PATH', '/opt/ros/humble/bin:/usr/local/sbin:/usr/local/bin:/usr/sbin:/usr/bin:/sbin:/bin:/usr/games:/usr/local/games:/snap/bin:/snap/bin'), ('SESSION_MANAGER', 'local/manav-Inspiron-5559:@/tmp/.ICE-unix/1569,unix/manav-Inspiron-5559:/tmp/.ICE-unix/1569'), ('XDG_MENU_PREFIX', 'gnome-'), ('GNOME_TERMINAL_SCREEN', '/org/gnome/Terminal/screen/9c60ffa5_26f3_41a0_a441_ae6666d983ad'), ('GNOME_SETUP_DISPLAY', ':1'), ('XDG_RUNTIME_DIR', '/run/user/1000'), ('DISPLAY', ':0'), ('LANG', 'en_US.UTF-8'), ('XDG_CURRENT_DESKTOP', 'ubuntu:GNOME'), ('XMODIFIERS', '@im=ibus'), ('XDG_SESSION_DESKTOP', 'ubuntu'), ('XAUTHORITY', '/run/user/1000/.mutter-Xwaylandauth.NBH3X2'), ('LS_COLORS', 'rs=0:di=01;34:ln=01;36:mh=00:pi=40;33:so=01;35:do=01;35:bd=40;33;01:cd=40;33;01:or=40;31;01:mi=00:su=37;41:sg=30;43:ca=30;41:tw=30;42:ow=34;42:st=37;44:ex=01;32:*.tar=01;31:*.tgz=01;31:*.arc=01;31:*.arj=01;31:*.taz=01;31:*.lha=01;31:*.lz4=01;31:*.lzh=01;31:*.lzma=01;31:*.tlz=01;31:*.txz=01;31:*.tzo=01;31:*.t7z=01;31:*.zip=01;31:*.z=01;31:*.dz=01;31:*.gz=01;31:*.lrz=01;31:*.lz=01;31:*.lzo=01;31:*.xz=01;31:*.zst=01;31:*.tzst=01;31:*.bz2=01;31:*.bz=01;31:*.tbz=01;31:*.tbz2=01;31:*.tz=01;31:*.deb=01;31:*.rpm=01;31:*.jar=01;31:*.war=01;31:*.ear=01;31:*.sar=01;31:*.rar=01;31:*.alz=01;31:*.ace=01;31:*.zoo=01;31:*.cpio=01;31:*.7z=01;31:*.rz=01;31:*.cab=01;31:*.wim=01;31:*.swm=01;31:*.dwm=01;31:*.esd=01;31:*.jpg=01;35:*.jpeg=01;35:*.mjpg=01;35:*.mjpeg=01;35:*.gif=01;35:*.bmp=01;35:*.pbm=01;35:*.pgm=01;35:*.ppm=01;35:*.tga=01;35:*.xbm=01;35:*.xpm=01;35:*.tif=01;35:*.tiff=01;35:*.png=01;35:*.svg=01;35:*.svgz=01;35:*.mng=01;35:*.pcx=01;35:*.mov=01;35:*.mpg=01;35:*.mpeg=01;35:*.m2v=01;35:*.mkv=01;35:*.webm=01;35:*.webp=01;35:*.ogm=01;35:*.mp4=01;35:*.m4v=01;35:*.mp4v=01;35:*.vob=01;35:*.qt=01;35:*.nuv=01;35:*.wmv=01;35:*.asf=01;35:*.rm=01;35:*.rmvb=01;35:*.flc=01;35:*.avi=01;35:*.fli=01;35:*.flv=01;35:*.gl=01;35:*.dl=01;35:*.xcf=01;35:*.xwd=01;35:*.yuv=01;35:*.cgm=01;35:*.emf=01;35:*.ogv=01;35:*.ogx=01;35:*.aac=00;36:*.au=00;36:*.flac=00;36:*.m4a=00;36:*.mid=00;36:*.midi=00;36:*.mka=00;36:*.mp3=00;36:*.mpc=00;36:*.ogg=00;36:*.ra=00;36:*.wav=00;36:*.oga=00;36:*.opus=00;36:*.spx=00;36:*.xspf=00;36:'), ('GNOME_TERMINAL_SERVICE', ':1.3045'), ('SSH_AGENT_LAUNCHER', 'gnome-keyring'), ('SSH_AUTH_SOCK', '/run/user/1000/keyring/ssh'), ('AMENT_PREFIX_PATH', '/home/manav/robotis_ws/install/vel_kinematics:/home/manav/robotis_ws/install/open_manipulator:/home/manav/robotis_ws/install/open_manipulator_x_controller:/home/manav/robotis_ws/install/open_manipulator_x_libs:/home/manav/robotis_ws/install/robotis_manipulator:/home/manav/robotis_ws/install/rbe500_example_py:/home/manav/robotis_ws/install/rbe500-example:/home/manav/robotis_ws/install/open_manipulator_x_description:/home/manav/robotis_ws/install/open_manipulator_msgs:/home/manav/robotis_ws/install/my_service_package:/home/manav/robotis_ws/install/inverse:/home/manav/robotis_ws/install/forward:/home/manav/robotis_ws/install/dynamixel_workbench:/home/manav/robotis_ws/install/dynamixel_workbench_toolbox:/home/manav/robotis_ws/install/dynamixel_sdk_examples:/home/manav/robotis_ws/install/dynamixel_sdk_custom_interfaces:/home/manav/robotis_ws/install/dynamixel_sdk:/home/manav/robotis_ws/install/cmake_modules:/home/manav/ros2_test/install/my_robot_controller:/opt/ros/humble'), ('SHELL', '/bin/bash'), ('QT_ACCESSIBILITY', '1'), ('GDMSESSION', 'ubuntu'), ('LESSCLOSE', '/usr/bin/lesspipe %s %s'), ('QT_IM_MODULE', 'ibus'), ('PWD', '/home/manav/robotis_ws/build/cmake_modules'), ('LC_ALL', 'en_US.UTF-8'), ('XDG_CONFIG_DIRS', '/etc/xdg/xdg-ubuntu:/etc/xdg'), ('XDG_DATA_DIRS', '/usr/share/ubuntu:/usr/local/share/:/usr/share/:/var/lib/snapd/desktop'), ('PYTHONPATH', '/home/manav/robotis_ws/install/vel_kinematics/lib/python3.10/site-packages:/home/manav/robotis_ws/install/rbe500_example_py/lib/python3.10/site-packages:/home/manav/robotis_ws/install/open_manipulator_msgs/local/lib/python3.10/dist-packages:/home/manav/robotis_ws/install/my_service_package/local/lib/python3.10/dist-packages:/home/manav/robotis_ws/install/inverse/lib/python3.10/site-packages:/home/manav/robotis_ws/install/forward/lib/python3.10/site-packages:/home/manav/robotis_ws/install/dynamixel_sdk_custom_interfaces/local/lib/python3.10/dist-packages:/home/manav/ros2_test/build/my_robot_controller:/home/manav/ros2_test/install/my_robot_controller/lib/python3.10/site-packages:/opt/ros/humble/lib/python3.10/site-packages:/opt/ros/humble/local/lib/python3.10/dist-packages'), ('COLCON', '1'), ('VTE_VERSION', '6800'), ('CMAKE_PREFIX_PATH', '/home/manav/robotis_ws/install/open_manipulator:/home/manav/robotis_ws/install/open_manipulator_x_controller:/home/manav/robotis_ws/install/open_manipulator_x_libs:/home/manav/robotis_ws/install/robotis_manipulator:/home/manav/robotis_ws/install/rbe500-example:/home/manav/robotis_ws/install/open_manipulator_x_description:/home/manav/robotis_ws/install/open_manipulator_msgs:/home/manav/robotis_ws/install/my_service_package:/home/manav/robotis_ws/install/dynamixel_workbench:/home/manav/robotis_ws/install/dynamixel_workbench_toolbox:/home/manav/robotis_ws/install/dynamixel_sdk_examples:/home/manav/robotis_ws/install/dynamixel_sdk_custom_interfaces:/home/manav/robotis_ws/install/dynamixel_sdk:/home/manav/robotis_ws/install/cmake_modules:/home/manav/robotis_ws/install/vel_kinematics:/home/manav/robotis_ws/install/rbe500_example_py:/home/manav/robotis_ws/install/inverse:/home/manav/robotis_ws/install/forward:/home/manav/ros2_test/install/my_robot_controller:/opt/ros/humble')]), 'shell': False}
[0.064434] (open_manipulator_msgs) JobProgress: {'identifier': 'open_manipulator_msgs', 'progress': 'cmake'}
[0.065158] (open_manipulator_msgs) JobProgress: {'identifier': 'open_manipulator_msgs', 'progress': 'build'}
[0.065265] (open_manipulator_msgs) Command: {'cmd': ['/usr/bin/cmake', '--build', '/home/manav/robotis_ws/build/open_manipulator_msgs', '--', '-j4', '-l4'], 'cwd': '/home/manav/robotis_ws/build/open_manipulator_msgs', 'env': OrderedDict([('LESSOPEN', '| /usr/bin/lesspipe %s'), ('LANGUAGE', 'en_IN:en'), ('USER', 'manav'), ('XDG_SESSION_TYPE', 'wayland'), ('SHLVL', '1'), ('LD_LIBRARY_PATH', '/home/manav/robotis_ws/install/open_manipulator_x_libs/lib:/home/manav/robotis_ws/install/robotis_manipulator/lib:/home/manav/robotis_ws/install/open_manipulator_msgs/lib:/home/manav/robotis_ws/install/my_service_package/lib:/home/manav/robotis_ws/install/dynamixel_workbench_toolbox/lib:/home/manav/robotis_ws/install/dynamixel_sdk_custom_interfaces/lib:/home/manav/robotis_ws/install/dynamixel_sdk/lib:/opt/ros/humble/opt/rviz_ogre_vendor/lib:/opt/ros/humble/lib/x86_64-linux-gnu:/opt/ros/humble/lib'), ('HOME', '/home/manav'), ('DESKTOP_SESSION', 'ubuntu'), ('ROS_PYTHON_VERSION', '3'), ('GNOME_SHELL_SESSION_MODE', 'ubuntu'), ('GTK_MODULES', 'gail:atk-bridge'), ('SYSTEMD_EXEC_PID', '461667'), ('DBUS_SESSION_BUS_ADDRESS', 'unix:path=/run/user/1000/bus'), ('COLORTERM', 'truecolor'), ('IM_CONFIG_PHASE', '1'), ('WAYLAND_DISPLAY', 'wayland-0'), ('COLCON_PREFIX_PATH', '/home/manav/robotis_ws/install:/home/manav/ros2_test/install'), ('ROS_DISTRO', 'humble'), ('LOGNAME', 'manav'), ('_', '/usr/bin/colcon'), ('ROS_VERSION', '2'), ('XDG_SESSION_CLASS', 'user'), ('USERNAME', 'manav'), ('TERM', 'xterm-256color'), ('GNOME_DESKTOP_SESSION_ID', 'this-is-deprecated'), ('ROS_LOCALHOST_ONLY', '0'), ('PATH', '/opt/ros/humble/bin:/usr/local/sbin:/usr/local/bin:/usr/sbin:/usr/bin:/sbin:/bin:/usr/games:/usr/local/games:/snap/bin:/snap/bin'), ('SESSION_MANAGER', 'local/manav-Inspiron-5559:@/tmp/.ICE-unix/1569,unix/manav-Inspiron-5559:/tmp/.ICE-unix/1569'), ('XDG_MENU_PREFIX', 'gnome-'), ('GNOME_TERMINAL_SCREEN', '/org/gnome/Terminal/screen/9c60ffa5_26f3_41a0_a441_ae6666d983ad'), ('GNOME_SETUP_DISPLAY', ':1'), ('XDG_RUNTIME_DIR', '/run/user/1000'), ('DISPLAY', ':0'), ('LANG', 'en_US.UTF-8'), ('XDG_CURRENT_DESKTOP', 'ubuntu:GNOME'), ('XMODIFIERS', '@im=ibus'), ('XDG_SESSION_DESKTOP', 'ubuntu'), ('XAUTHORITY', '/run/user/1000/.mutter-Xwaylandauth.NBH3X2'), ('LS_COLORS', 'rs=0:di=01;34:ln=01;36:mh=00:pi=40;33:so=01;35:do=01;35:bd=40;33;01:cd=40;33;01:or=40;31;01:mi=00:su=37;41:sg=30;43:ca=30;41:tw=30;42:ow=34;42:st=37;44:ex=01;32:*.tar=01;31:*.tgz=01;31:*.arc=01;31:*.arj=01;31:*.taz=01;31:*.lha=01;31:*.lz4=01;31:*.lzh=01;31:*.lzma=01;31:*.tlz=01;31:*.txz=01;31:*.tzo=01;31:*.t7z=01;31:*.zip=01;31:*.z=01;31:*.dz=01;31:*.gz=01;31:*.lrz=01;31:*.lz=01;31:*.lzo=01;31:*.xz=01;31:*.zst=01;31:*.tzst=01;31:*.bz2=01;31:*.bz=01;31:*.tbz=01;31:*.tbz2=01;31:*.tz=01;31:*.deb=01;31:*.rpm=01;31:*.jar=01;31:*.war=01;31:*.ear=01;31:*.sar=01;31:*.rar=01;31:*.alz=01;31:*.ace=01;31:*.zoo=01;31:*.cpio=01;31:*.7z=01;31:*.rz=01;31:*.cab=01;31:*.wim=01;31:*.swm=01;31:*.dwm=01;31:*.esd=01;31:*.jpg=01;35:*.jpeg=01;35:*.mjpg=01;35:*.mjpeg=01;35:*.gif=01;35:*.bmp=01;35:*.pbm=01;35:*.pgm=01;35:*.ppm=01;35:*.tga=01;35:*.xbm=01;35:*.xpm=01;35:*.tif=01;35:*.tiff=01;35:*.png=01;35:*.svg=01;35:*.svgz=01;35:*.mng=01;35:*.pcx=01;35:*.mov=01;35:*.mpg=01;35:*.mpeg=01;35:*.m2v=01;35:*.mkv=01;35:*.webm=01;35:*.webp=01;35:*.ogm=01;35:*.mp4=01;35:*.m4v=01;35:*.mp4v=01;35:*.vob=01;35:*.qt=01;35:*.nuv=01;35:*.wmv=01;35:*.asf=01;35:*.rm=01;35:*.rmvb=01;35:*.flc=01;35:*.avi=01;35:*.fli=01;35:*.flv=01;35:*.gl=01;35:*.dl=01;35:*.xcf=01;35:*.xwd=01;35:*.yuv=01;35:*.cgm=01;35:*.emf=01;35:*.ogv=01;35:*.ogx=01;35:*.aac=00;36:*.au=00;36:*.flac=00;36:*.m4a=00;36:*.mid=00;36:*.midi=00;36:*.mka=00;36:*.mp3=00;36:*.mpc=00;36:*.ogg=00;36:*.ra=00;36:*.wav=00;36:*.oga=00;36:*.opus=00;36:*.spx=00;36:*.xspf=00;36:'), ('GNOME_TERMINAL_SERVICE', ':1.3045'), ('SSH_AGENT_LAUNCHER', 'gnome-keyring'), ('SSH_AUTH_SOCK', '/run/user/1000/keyring/ssh'), ('AMENT_PREFIX_PATH', '/home/manav/robotis_ws/install/vel_kinematics:/home/manav/robotis_ws/install/open_manipulator:/home/manav/robotis_ws/install/open_manipulator_x_controller:/home/manav/robotis_ws/install/open_manipulator_x_libs:/home/manav/robotis_ws/install/robotis_manipulator:/home/manav/robotis_ws/install/rbe500_example_py:/home/manav/robotis_ws/install/rbe500-example:/home/manav/robotis_ws/install/open_manipulator_x_description:/home/manav/robotis_ws/install/open_manipulator_msgs:/home/manav/robotis_ws/install/my_service_package:/home/manav/robotis_ws/install/inverse:/home/manav/robotis_ws/install/forward:/home/manav/robotis_ws/install/dynamixel_workbench:/home/manav/robotis_ws/install/dynamixel_workbench_toolbox:/home/manav/robotis_ws/install/dynamixel_sdk_examples:/home/manav/robotis_ws/install/dynamixel_sdk_custom_interfaces:/home/manav/robotis_ws/install/dynamixel_sdk:/home/manav/robotis_ws/install/cmake_modules:/home/manav/ros2_test/install/my_robot_controller:/opt/ros/humble'), ('SHELL', '/bin/bash'), ('QT_ACCESSIBILITY', '1'), ('GDMSESSION', 'ubuntu'), ('LESSCLOSE', '/usr/bin/lesspipe %s %s'), ('QT_IM_MODULE', 'ibus'), ('PWD', '/home/manav/robotis_ws/build/open_manipulator_msgs'), ('LC_ALL', 'en_US.UTF-8'), ('XDG_CONFIG_DIRS', '/etc/xdg/xdg-ubuntu:/etc/xdg'), ('XDG_DATA_DIRS', '/usr/share/ubuntu:/usr/local/share/:/usr/share/:/var/lib/snapd/desktop'), ('PYTHONPATH', '/home/manav/robotis_ws/install/vel_kinematics/lib/python3.10/site-packages:/home/manav/robotis_ws/install/rbe500_example_py/lib/python3.10/site-packages:/home/manav/robotis_ws/install/open_manipulator_msgs/local/lib/python3.10/dist-packages:/home/manav/robotis_ws/install/my_service_package/local/lib/python3.10/dist-packages:/home/manav/robotis_ws/install/inverse/lib/python3.10/site-packages:/home/manav/robotis_ws/install/forward/lib/python3.10/site-packages:/home/manav/robotis_ws/install/dynamixel_sdk_custom_interfaces/local/lib/python3.10/dist-packages:/home/manav/ros2_test/build/my_robot_controller:/home/manav/ros2_test/install/my_robot_controller/lib/python3.10/site-packages:/opt/ros/humble/lib/python3.10/site-packages:/opt/ros/humble/local/lib/python3.10/dist-packages'), ('COLCON', '1'), ('VTE_VERSION', '6800'), ('CMAKE_PREFIX_PATH', '/home/manav/robotis_ws/install/open_manipulator:/home/manav/robotis_ws/install/open_manipulator_x_controller:/home/manav/robotis_ws/install/open_manipulator_x_libs:/home/manav/robotis_ws/install/robotis_manipulator:/home/manav/robotis_ws/install/rbe500-example:/home/manav/robotis_ws/install/open_manipulator_x_description:/home/manav/robotis_ws/install/open_manipulator_msgs:/home/manav/robotis_ws/install/my_service_package:/home/manav/robotis_ws/install/dynamixel_workbench:/home/manav/robotis_ws/install/dynamixel_workbench_toolbox:/home/manav/robotis_ws/install/dynamixel_sdk_examples:/home/manav/robotis_ws/install/dynamixel_sdk_custom_interfaces:/home/manav/robotis_ws/install/dynamixel_sdk:/home/manav/robotis_ws/install/cmake_modules:/home/manav/robotis_ws/install/vel_kinematics:/home/manav/robotis_ws/install/rbe500_example_py:/home/manav/robotis_ws/install/inverse:/home/manav/robotis_ws/install/forward:/home/manav/ros2_test/install/my_robot_controller:/opt/ros/humble')]), 'shell': False}
[0.074926] (dynamixel_sdk_custom_interfaces) JobProgress: {'identifier': 'dynamixel_sdk_custom_interfaces', 'progress': 'cmake'}
[0.075911] (dynamixel_sdk_custom_interfaces) JobProgress: {'identifier': 'dynamixel_sdk_custom_interfaces', 'progress': 'build'}
[0.077238] (dynamixel_sdk_custom_interfaces) Command: {'cmd': ['/usr/bin/cmake', '--build', '/home/manav/robotis_ws/build/dynamixel_sdk_custom_interfaces', '--', '-j4', '-l4'], 'cwd': '/home/manav/robotis_ws/build/dynamixel_sdk_custom_interfaces', 'env': OrderedDict([('LESSOPEN', '| /usr/bin/lesspipe %s'), ('LANGUAGE', 'en_IN:en'), ('USER', 'manav'), ('XDG_SESSION_TYPE', 'wayland'), ('SHLVL', '1'), ('LD_LIBRARY_PATH', '/home/manav/robotis_ws/install/open_manipulator_x_libs/lib:/home/manav/robotis_ws/install/robotis_manipulator/lib:/home/manav/robotis_ws/install/open_manipulator_msgs/lib:/home/manav/robotis_ws/install/my_service_package/lib:/home/manav/robotis_ws/install/dynamixel_workbench_toolbox/lib:/home/manav/robotis_ws/install/dynamixel_sdk_custom_interfaces/lib:/home/manav/robotis_ws/install/dynamixel_sdk/lib:/opt/ros/humble/opt/rviz_ogre_vendor/lib:/opt/ros/humble/lib/x86_64-linux-gnu:/opt/ros/humble/lib'), ('HOME', '/home/manav'), ('DESKTOP_SESSION', 'ubuntu'), ('ROS_PYTHON_VERSION', '3'), ('GNOME_SHELL_SESSION_MODE', 'ubuntu'), ('GTK_MODULES', 'gail:atk-bridge'), ('SYSTEMD_EXEC_PID', '461667'), ('DBUS_SESSION_BUS_ADDRESS', 'unix:path=/run/user/1000/bus'), ('COLORTERM', 'truecolor'), ('IM_CONFIG_PHASE', '1'), ('WAYLAND_DISPLAY', 'wayland-0'), ('COLCON_PREFIX_PATH', '/home/manav/robotis_ws/install:/home/manav/ros2_test/install'), ('ROS_DISTRO', 'humble'), ('LOGNAME', 'manav'), ('_', '/usr/bin/colcon'), ('ROS_VERSION', '2'), ('XDG_SESSION_CLASS', 'user'), ('USERNAME', 'manav'), ('TERM', 'xterm-256color'), ('GNOME_DESKTOP_SESSION_ID', 'this-is-deprecated'), ('ROS_LOCALHOST_ONLY', '0'), ('PATH', '/opt/ros/humble/bin:/usr/local/sbin:/usr/local/bin:/usr/sbin:/usr/bin:/sbin:/bin:/usr/games:/usr/local/games:/snap/bin:/snap/bin'), ('SESSION_MANAGER', 'local/manav-Inspiron-5559:@/tmp/.ICE-unix/1569,unix/manav-Inspiron-5559:/tmp/.ICE-unix/1569'), ('XDG_MENU_PREFIX', 'gnome-'), ('GNOME_TERMINAL_SCREEN', '/org/gnome/Terminal/screen/9c60ffa5_26f3_41a0_a441_ae6666d983ad'), ('GNOME_SETUP_DISPLAY', ':1'), ('XDG_RUNTIME_DIR', '/run/user/1000'), ('DISPLAY', ':0'), ('LANG', 'en_US.UTF-8'), ('XDG_CURRENT_DESKTOP', 'ubuntu:GNOME'), ('XMODIFIERS', '@im=ibus'), ('XDG_SESSION_DESKTOP', 'ubuntu'), ('XAUTHORITY', '/run/user/1000/.mutter-Xwaylandauth.NBH3X2'), ('LS_COLORS', 'rs=0:di=01;34:ln=01;36:mh=00:pi=40;33:so=01;35:do=01;35:bd=40;33;01:cd=40;33;01:or=40;31;01:mi=00:su=37;41:sg=30;43:ca=30;41:tw=30;42:ow=34;42:st=37;44:ex=01;32:*.tar=01;31:*.tgz=01;31:*.arc=01;31:*.arj=01;31:*.taz=01;31:*.lha=01;31:*.lz4=01;31:*.lzh=01;31:*.lzma=01;31:*.tlz=01;31:*.txz=01;31:*.tzo=01;31:*.t7z=01;31:*.zip=01;31:*.z=01;31:*.dz=01;31:*.gz=01;31:*.lrz=01;31:*.lz=01;31:*.lzo=01;31:*.xz=01;31:*.zst=01;31:*.tzst=01;31:*.bz2=01;31:*.bz=01;31:*.tbz=01;31:*.tbz2=01;31:*.tz=01;31:*.deb=01;31:*.rpm=01;31:*.jar=01;31:*.war=01;31:*.ear=01;31:*.sar=01;31:*.rar=01;31:*.alz=01;31:*.ace=01;31:*.zoo=01;31:*.cpio=01;31:*.7z=01;31:*.rz=01;31:*.cab=01;31:*.wim=01;31:*.swm=01;31:*.dwm=01;31:*.esd=01;31:*.jpg=01;35:*.jpeg=01;35:*.mjpg=01;35:*.mjpeg=01;35:*.gif=01;35:*.bmp=01;35:*.pbm=01;35:*.pgm=01;35:*.ppm=01;35:*.tga=01;35:*.xbm=01;35:*.xpm=01;35:*.tif=01;35:*.tiff=01;35:*.png=01;35:*.svg=01;35:*.svgz=01;35:*.mng=01;35:*.pcx=01;35:*.mov=01;35:*.mpg=01;35:*.mpeg=01;35:*.m2v=01;35:*.mkv=01;35:*.webm=01;35:*.webp=01;35:*.ogm=01;35:*.mp4=01;35:*.m4v=01;35:*.mp4v=01;35:*.vob=01;35:*.qt=01;35:*.nuv=01;35:*.wmv=01;35:*.asf=01;35:*.rm=01;35:*.rmvb=01;35:*.flc=01;35:*.avi=01;35:*.fli=01;35:*.flv=01;35:*.gl=01;35:*.dl=01;35:*.xcf=01;35:*.xwd=01;35:*.yuv=01;35:*.cgm=01;35:*.emf=01;35:*.ogv=01;35:*.ogx=01;35:*.aac=00;36:*.au=00;36:*.flac=00;36:*.m4a=00;36:*.mid=00;36:*.midi=00;36:*.mka=00;36:*.mp3=00;36:*.mpc=00;36:*.ogg=00;36:*.ra=00;36:*.wav=00;36:*.oga=00;36:*.opus=00;36:*.spx=00;36:*.xspf=00;36:'), ('GNOME_TERMINAL_SERVICE', ':1.3045'), ('SSH_AGENT_LAUNCHER', 'gnome-keyring'), ('SSH_AUTH_SOCK', '/run/user/1000/keyring/ssh'), ('AMENT_PREFIX_PATH', '/home/manav/robotis_ws/install/vel_kinematics:/home/manav/robotis_ws/install/open_manipulator:/home/manav/robotis_ws/install/open_manipulator_x_controller:/home/manav/robotis_ws/install/open_manipulator_x_libs:/home/manav/robotis_ws/install/robotis_manipulator:/home/manav/robotis_ws/install/rbe500_example_py:/home/manav/robotis_ws/install/rbe500-example:/home/manav/robotis_ws/install/open_manipulator_x_description:/home/manav/robotis_ws/install/open_manipulator_msgs:/home/manav/robotis_ws/install/my_service_package:/home/manav/robotis_ws/install/inverse:/home/manav/robotis_ws/install/forward:/home/manav/robotis_ws/install/dynamixel_workbench:/home/manav/robotis_ws/install/dynamixel_workbench_toolbox:/home/manav/robotis_ws/install/dynamixel_sdk_examples:/home/manav/robotis_ws/install/dynamixel_sdk_custom_interfaces:/home/manav/robotis_ws/install/dynamixel_sdk:/home/manav/robotis_ws/install/cmake_modules:/home/manav/ros2_test/install/my_robot_controller:/opt/ros/humble'), ('SHELL', '/bin/bash'), ('QT_ACCESSIBILITY', '1'), ('GDMSESSION', 'ubuntu'), ('LESSCLOSE', '/usr/bin/lesspipe %s %s'), ('QT_IM_MODULE', 'ibus'), ('PWD', '/home/manav/robotis_ws/build/dynamixel_sdk_custom_interfaces'), ('LC_ALL', 'en_US.UTF-8'), ('XDG_CONFIG_DIRS', '/etc/xdg/xdg-ubuntu:/etc/xdg'), ('XDG_DATA_DIRS', '/usr/share/ubuntu:/usr/local/share/:/usr/share/:/var/lib/snapd/desktop'), ('PYTHONPATH', '/home/manav/robotis_ws/install/vel_kinematics/lib/python3.10/site-packages:/home/manav/robotis_ws/install/rbe500_example_py/lib/python3.10/site-packages:/home/manav/robotis_ws/install/open_manipulator_msgs/local/lib/python3.10/dist-packages:/home/manav/robotis_ws/install/my_service_package/local/lib/python3.10/dist-packages:/home/manav/robotis_ws/install/inverse/lib/python3.10/site-packages:/home/manav/robotis_ws/install/forward/lib/python3.10/site-packages:/home/manav/robotis_ws/install/dynamixel_sdk_custom_interfaces/local/lib/python3.10/dist-packages:/home/manav/ros2_test/build/my_robot_controller:/home/manav/ros2_test/install/my_robot_controller/lib/python3.10/site-packages:/opt/ros/humble/lib/python3.10/site-packages:/opt/ros/humble/local/lib/python3.10/dist-packages'), ('COLCON', '1'), ('VTE_VERSION', '6800'), ('CMAKE_PREFIX_PATH', '/home/manav/robotis_ws/install/open_manipulator:/home/manav/robotis_ws/install/open_manipulator_x_controller:/home/manav/robotis_ws/install/open_manipulator_x_libs:/home/manav/robotis_ws/install/robotis_manipulator:/home/manav/robotis_ws/install/rbe500-example:/home/manav/robotis_ws/install/open_manipulator_x_description:/home/manav/robotis_ws/install/open_manipulator_msgs:/home/manav/robotis_ws/install/my_service_package:/home/manav/robotis_ws/install/dynamixel_workbench:/home/manav/robotis_ws/install/dynamixel_workbench_toolbox:/home/manav/robotis_ws/install/dynamixel_sdk_examples:/home/manav/robotis_ws/install/dynamixel_sdk_custom_interfaces:/home/manav/robotis_ws/install/dynamixel_sdk:/home/manav/robotis_ws/install/cmake_modules:/home/manav/robotis_ws/install/vel_kinematics:/home/manav/robotis_ws/install/rbe500_example_py:/home/manav/robotis_ws/install/inverse:/home/manav/robotis_ws/install/forward:/home/manav/ros2_test/install/my_robot_controller:/opt/ros/humble')]), 'shell': False}
[0.099811] (-) TimerEvent: {}
[0.165815] (cmake_modules) CommandEnded: {'returncode': 0}
[0.190145] (dynamixel_sdk) StdoutLine: {'line': b'[100%] Built target dynamixel_sdk\n'}
[0.199900] (-) TimerEvent: {}
[0.240323] (open_manipulator_msgs) StdoutLine: {'line': b'[  1%] Built target open_manipulator_msgs__cpp\n'}
[0.263299] (dynamixel_sdk) CommandEnded: {'returncode': 0}
[0.268511] (open_manipulator_msgs) StdoutLine: {'line': b'[ 12%] Built target open_manipulator_msgs__rosidl_generator_c\n'}
[0.292711] (dynamixel_sdk_custom_interfaces) StderrLine: {'line': b'gmake[2]: *** [CMakeFiles/ament_cmake_python_copy_dynamixel_sdk_custom_interfaces.dir/build.make:70: CMakeFiles/ament_cmake_python_copy_dynamixel_sdk_custom_interfaces] Interrupt\n'}
[0.293816] (open_manipulator_msgs) StderrLine: {'line': b'gmake[2]: *** [CMakeFiles/open_manipulator_msgs__rosidl_typesupport_cpp.dir/build.make:355: CMakeFiles/open_manipulator_msgs__rosidl_typesupport_cpp.dir/depend] Interrupt\n'}
[0.294116] (open_manipulator_msgs) StderrLine: {'line': b'gmake[1]: *** [CMakeFiles/Makefile2:394: CMakeFiles/open_manipulator_msgs__rosidl_typesupport_cpp.dir/all] Interrupt\n'}
[0.294331] (open_manipulator_msgs) StderrLine: {'line': b'gmake[1]: *** [CMakeFiles/Makefile2:422: CMakeFiles/ament_cmake_python_copy_open_manipulator_msgs.dir/all] Interrupt\n'}
[0.294453] (dynamixel_sdk_custom_interfaces) StdoutLine: {'line': b'[ 10%] Built target dynamixel_sdk_custom_interfaces__rosidl_generator_c\n'}
[0.294593] (dynamixel_sdk_custom_interfaces) StderrLine: {'line': b'gmake[1]: *** [CMakeFiles/Makefile2:266: CMakeFiles/dynamixel_sdk_custom_interfaces__cpp.dir/all] Interrupt\n'}
[0.294714] (dynamixel_sdk_custom_interfaces) StderrLine: {'line': b'gmake[1]: *** [CMakeFiles/Makefile2:421: CMakeFiles/ament_cmake_python_copy_dynamixel_sdk_custom_interfaces.dir/all] Interrupt\n'}
[0.294831] (dynamixel_sdk_custom_interfaces) StderrLine: {'line': b'gmake[1]: *** [CMakeFiles/Makefile2:342: CMakeFiles/dynamixel_sdk_custom_interfaces__rosidl_typesupport_c.dir/all] Interrupt\n'}
[0.294935] (dynamixel_sdk_custom_interfaces) StderrLine: {'line': b'gmake[1]: *** [CMakeFiles/Makefile2:316: CMakeFiles/dynamixel_sdk_custom_interfaces__rosidl_typesupport_introspection_c.dir/all] Interrupt\n'}
[0.295038] (dynamixel_sdk_custom_interfaces) StderrLine: {'line': b'gmake: *** [Makefile:146: all] Interrupt\n'}
[0.295143] (open_manipulator_msgs) StderrLine: {'line': b'gmake[2]: *** [CMakeFiles/open_manipulator_msgs__rosidl_typesupport_introspection_cpp.dir/build.make:393: CMakeFiles/open_manipulator_msgs__rosidl_typesupport_introspection_cpp.dir/depend] Interrupt\n'}
[0.295256] (open_manipulator_msgs) StderrLine: {'line': b'gmake[1]: *** [CMakeFiles/Makefile2:368: CMakeFiles/open_manipulator_msgs__rosidl_typesupport_introspection_cpp.dir/all] Interrupt\n'}
[0.295363] (open_manipulator_msgs) StderrLine: {'line': b'gmake[2]: *** [CMakeFiles/open_manipulator_msgs__rosidl_typesupport_fastrtps_cpp.dir/build.make:394: CMakeFiles/open_manipulator_msgs__rosidl_typesupport_fastrtps_cpp.dir/depend] Interrupt\n'}
[0.295485] (open_manipulator_msgs) StderrLine: {'line': b'gmake[1]: *** [CMakeFiles/Makefile2:290: CMakeFiles/open_manipulator_msgs__rosidl_typesupport_fastrtps_cpp.dir/all] Interrupt\n'}
[0.296402] (open_manipulator_msgs) StderrLine: {'line': b'gmake: *** [Makefile:146: all] Interrupt\n'}
[0.297857] (dynamixel_sdk) StderrLine: {'line': b'Traceback (most recent call last):\n  File "/usr/lib/python3/dist-packages/colcon_parallel_executor/executor/parallel.py", line 75, in execute\n    loop.run_until_complete(future)\n  File "/usr/lib/python3.10/asyncio/base_events.py", line 636, in run_until_complete\n    self.run_forever()\n  File "/usr/lib/python3.10/asyncio/base_events.py", line 603, in run_forever\n    self._run_once()\n  File "/usr/lib/python3.10/asyncio/base_events.py", line 1871, in _run_once\n    event_list = self._selector.select(timeout)\n  File "/usr/lib/python3.10/selectors.py", line 469, in select\n    fd_event_list = self._selector.poll(timeout, max_ev)\nKeyboardInterrupt\n\nDuring handling of the above exception, another exception occurred:\n\nTraceback (most recent call last):\n  File "/usr/lib/python3/dist-packages/colcon_core/executor/__init__.py", line 91, in __call__\n    rc = await self.task(*args, **kwargs)\n  File "/usr/lib/python3/dist-packages/colcon_core/task/__init__.py", line 93, in __call__\n    return await task_method(*args, **kwargs)\n  File "/usr/lib/python3/dist-packages/colcon_ros/task/ament_cmake/build.py", line 59, in build\n    rc = await extension.build(\n  File "/usr/lib/python3/dist-packages/colcon_cmake/task/cmake/build.py", line 108, in build\n    if await has_target(args.build_base, \'install\'):\n  File "/usr/lib/python3/dist-packages/colcon_cmake/task/cmake/__init__.py", line 129, in has_target\n    return target in await get_makefile_targets(path)\n  File "/usr/lib/python3/dist-packages/colcon_cmake/task/cmake/__init__.py", line 148, in get_makefile_targets\n    output = await check_output([\n  File "/usr/lib/python3/dist-packages/colcon_core/subprocess.py", line 129, in check_output\n    assert not rc, f\'Expected {args} to pass: {stderr_data}\'\nAssertionError: Expected [\'/usr/bin/cmake\', \'--build\', \'/home/manav/robotis_ws/build/dynamixel_sdk\', \'--target\', \'help\'] to pass: \n'}
[0.298406] (dynamixel_sdk) JobEnded: {'identifier': 'dynamixel_sdk', 'rc': 'SIGINT'}
[0.300035] (-) TimerEvent: {}
[0.300193] (cmake_modules) StderrLine: {'line': b'Traceback (most recent call last):\n  File "/usr/lib/python3/dist-packages/colcon_parallel_executor/executor/parallel.py", line 75, in execute\n    loop.run_until_complete(future)\n  File "/usr/lib/python3.10/asyncio/base_events.py", line 636, in run_until_complete\n    self.run_forever()\n  File "/usr/lib/python3.10/asyncio/base_events.py", line 603, in run_forever\n    self._run_once()\n  File "/usr/lib/python3.10/asyncio/base_events.py", line 1871, in _run_once\n    event_list = self._selector.select(timeout)\n  File "/usr/lib/python3.10/selectors.py", line 469, in select\n    fd_event_list = self._selector.poll(timeout, max_ev)\nKeyboardInterrupt\n\nDuring handling of the above exception, another exception occurred:\n\nTraceback (most recent call last):\n  File "/usr/lib/python3/dist-packages/colcon_core/executor/__init__.py", line 91, in __call__\n    rc = await self.task(*args, **kwargs)\n  File "/usr/lib/python3/dist-packages/colcon_core/task/__init__.py", line 93, in __call__\n    return await task_method(*args, **kwargs)\n  File "/usr/lib/python3/dist-packages/colcon_ros/task/ament_cmake/build.py", line 59, in build\n    rc = await extension.build(\n  File "/usr/lib/python3/dist-packages/colcon_cmake/task/cmake/build.py", line 108, in build\n    if await has_target(args.build_base, \'install\'):\n  File "/usr/lib/python3/dist-packages/colcon_cmake/task/cmake/__init__.py", line 129, in has_target\n    return target in await get_makefile_targets(path)\n  File "/usr/lib/python3/dist-packages/colcon_cmake/task/cmake/__init__.py", line 148, in get_makefile_targets\n    output = await check_output([\n  File "/usr/lib/python3/dist-packages/colcon_core/subprocess.py", line 129, in check_output\n    assert not rc, f\'Expected {args} to pass: {stderr_data}\'\nAssertionError: Expected [\'/usr/bin/cmake\', \'--build\', \'/home/manav/robotis_ws/build/cmake_modules\', \'--target\', \'help\'] to pass: \n'}
[0.300447] (cmake_modules) JobEnded: {'identifier': 'cmake_modules', 'rc': 'SIGINT'}
[0.300936] (dynamixel_sdk_custom_interfaces) JobEnded: {'identifier': 'dynamixel_sdk_custom_interfaces', 'rc': 'SIGINT'}
[0.301364] (open_manipulator_msgs) JobEnded: {'identifier': 'open_manipulator_msgs', 'rc': 'SIGINT'}
[0.310580] (forward) JobSkipped: {'identifier': 'forward'}
[0.310721] (inverse) JobSkipped: {'identifier': 'inverse'}
[0.310811] (my_service_package) JobSkipped: {'identifier': 'my_service_package'}
[0.310885] (open_manipulator_x_description) JobSkipped: {'identifier': 'open_manipulator_x_description'}
[0.310951] (rbe500_example_py) JobSkipped: {'identifier': 'rbe500_example_py'}
[0.311012] (vel_kinematics) JobSkipped: {'identifier': 'vel_kinematics'}
[0.311044] (dynamixel_sdk_examples) JobSkipped: {'identifier': 'dynamixel_sdk_examples'}
[0.311087] (dynamixel_workbench_toolbox) JobSkipped: {'identifier': 'dynamixel_workbench_toolbox'}
[0.311116] (rbe500-example) JobSkipped: {'identifier': 'rbe500-example'}
[0.311196] (robotis_manipulator) JobSkipped: {'identifier': 'robotis_manipulator'}
[0.311225] (dynamixel_workbench) JobSkipped: {'identifier': 'dynamixel_workbench'}
[0.311253] (open_manipulator_x_libs) JobSkipped: {'identifier': 'open_manipulator_x_libs'}
[0.311282] (open_manipulator_x_controller) JobSkipped: {'identifier': 'open_manipulator_x_controller'}
[0.311310] (open_manipulator) JobSkipped: {'identifier': 'open_manipulator'}
[0.311339] (-) EventReactorShutdown: {}
