[0.056s] Invoking command in '/home/manav/robotis_ws/build/dynamixel_sdk_custom_interfaces': CMAKE_PREFIX_PATH=${CMAKE_PREFIX_PATH}:/home/manav/robotis_ws/install/vel_kinematics:/home/manav/robotis_ws/install/rbe500_example_py:/home/manav/robotis_ws/install/inverse:/home/manav/robotis_ws/install/forward:/home/manav/ros2_test/install/my_robot_controller:/opt/ros/humble /usr/bin/cmake --build /home/manav/robotis_ws/build/dynamixel_sdk_custom_interfaces -- -j4 -l4
[0.242s] [ 10%] Built target dynamixel_sdk_custom_interfaces__rosidl_generator_c
[0.257s] [ 12%] Built target dynamixel_sdk_custom_interfaces__cpp
[0.312s] [ 12%] Built target ament_cmake_python_copy_dynamixel_sdk_custom_interfaces
[0.423s] [ 23%] Built target dynamixel_sdk_custom_interfaces__rosidl_typesupport_introspection_c
[0.449s] [ 33%] Built target dynamixel_sdk_custom_interfaces__rosidl_typesupport_fastrtps_c
[0.562s] [ 43%] Built target dynamixel_sdk_custom_interfaces__rosidl_typesupport_c
[0.609s] [ 53%] Built target dynamixel_sdk_custom_interfaces__rosidl_typesupport_fastrtps_cpp
[0.665s] [ 64%] Built target dynamixel_sdk_custom_interfaces__rosidl_typesupport_cpp
[0.720s] [ 74%] Built target dynamixel_sdk_custom_interfaces__rosidl_typesupport_introspection_cpp
[0.772s] gmake[2]: *** wait: No child processes.  Stop.
[0.772s] gmake[2]: *** Waiting for unfinished jobs....
[0.774s] gmake[2]: *** wait: No child processes.  Stop.
[0.774s] gmake[1]: *** [CMakeFiles/Makefile2:186: CMakeFiles/dynamixel_sdk_custom_interfaces.dir/all] Error 2
[0.774s] Fatal Python error: init_import_site: Failed to import the site module
[0.775s] Python runtime state: initialized
[0.775s] Traceback (most recent call last):
[0.787s]   File "<frozen importlib._bootstrap_external>", line 1372, in _path_importer_cache
[0.787s] KeyError: '/usr/lib/python3.10/importlib'
[0.787s] 
[0.787s] During handling of the above exception, another exception occurred:
[0.787s] 
[0.787s] Traceback (most recent call last):
[0.787s]   File "/usr/lib/python3.10/site.py", line 636, in <module>
[0.787s]     main()
[0.788s]   File "/usr/lib/python3.10/site.py", line 623, in main
[0.788s]     known_paths = addsitepackages(known_paths)
[0.788s]   File "/usr/lib/python3.10/site.py", line 406, in addsitepackages
[0.795s]     addsitedir(sitedir, known_paths)
[0.795s]   File "/usr/lib/python3.10/site.py", line 232, in addsitedir
[0.795s]     addpackage(sitedir, name, known_paths)
[0.795s]   File "/usr/lib/python3.10/site.py", line 192, in addpackage
[0.795s]     exec(line)
[0.796s]   File "<string>", line 1, in <module>
[0.796s]   File "<frozen importlib._bootstrap>", line 1027, in _find_and_load
[0.796s]   File "<frozen importlib._bootstrap>", line 1002, in _find_and_load_unlocked
[0.796s]   File "<frozen importlib._bootstrap>", line 945, in _find_spec
[0.798s]   File "<frozen importlib._bootstrap_external>", line 1439, in find_spec
[0.799s]   File "<frozen importlib._bootstrap_external>", line 1408, in _get_spec
[0.799s]   File "<frozen importlib._bootstrap_external>", line 1374, in _path_importer_cache
[0.799s]   File "<frozen importlib._bootstrap_external>", line 1350, in _path_hooks
[0.803s]   File "<frozen importlib._bootstrap_external>", line 1630, in path_hook_for_FileFinder
[0.807s]   File "<frozen importlib._bootstrap_external>", line 168, in _path_isdir
[0.807s]   File "<frozen importlib._bootstrap_external>", line 153, in _path_is_mode_type
[0.808s]   File "<frozen importlib._bootstrap_external>", line 147, in _path_stat
[0.808s] KeyboardInterrupt
[0.810s] gmake[2]: *** [CMakeFiles/ament_cmake_python_build_dynamixel_sdk_custom_interfaces_egg.dir/build.make:70: CMakeFiles/ament_cmake_python_build_dynamixel_sdk_custom_interfaces_egg] Interrupt
[0.811s] gmake[1]: *** [CMakeFiles/Makefile2:447: CMakeFiles/ament_cmake_python_build_dynamixel_sdk_custom_interfaces_egg.dir/all] Interrupt
[0.811s] gmake: *** [Makefile:146: all] Interrupt
