In file included from [01m[K/home/manav/robotis_ws/src/OpenManipulatorX_ROS2-main/DynamixelSDK/dynamixel_sdk_examples/src/combined_read_write.cpp:42[m[K:
[01m[K/home/manav/robotis_ws/src/OpenManipulatorX_ROS2-main/DynamixelSDK/dynamixel_sdk_examples/include/combined_read_write.hpp:13:10:[m[K [01;31m[Kfatal error: [m[Kstd_msgs/msg/int32.hpp: No such file or directory
   13 | #include [01;31m[K"std_msgs/msg/int32.hpp"[m[K  // Include for publishing position
      |          [01;31m[K^~~~~~~~~~~~~~~~~~~~~~~~[m[K
compilation terminated.
gmake[2]: *** [CMakeFiles/combined_read_write.dir/build.make:76: CMakeFiles/combined_read_write.dir/src/combined_read_write.cpp.o] Error 1
gmake[1]: *** [CMakeFiles/Makefile2:193: CMakeFiles/combined_read_write.dir/all] Error 2
gmake[1]: *** Waiting for unfinished jobs....
gmake: *** [Makefile:146: all] Error 2
