-- Found ament_cmake: 1.3.10 (/opt/ros/humble/share/ament_cmake/cmake)
-- Found dynamixel_sdk: 3.7.60 (/home/manav/robotis_ws/install/dynamixel_sdk/share/dynamixel_sdk/cmake)
-- Found dynamixel_sdk_custom_interfaces: 3.7.60 (/home/manav/robotis_ws/install/dynamixel_sdk_custom_interfaces/share/dynamixel_sdk_custom_interfaces/cmake)
-- Found rosidl_generator_c: 3.1.5 (/opt/ros/humble/share/rosidl_generator_c/cmake)
-- Found rosidl_adapter: 3.1.5 (/opt/ros/humble/share/rosidl_adapter/cmake)
-- Found rosidl_generator_cpp: 3.1.5 (/opt/ros/humble/share/rosidl_generator_cpp/cmake)
-- Using all available rosidl_typesupport_c: rosidl_typesupport_fastrtps_c;rosidl_typesupport_introspection_c
-- Using all available rosidl_typesupport_cpp: rosidl_typesupport_fastrtps_cpp;rosidl_typesupport_introspection_cpp
-- Found rclcpp: 16.0.10 (/opt/ros/humble/share/rclcpp/cmake)
-- Found rmw_implementation_cmake: 6.1.2 (/opt/ros/humble/share/rmw_implementation_cmake/cmake)
-- Found rmw_fastrtps_cpp: 6.2.7 (/opt/ros/humble/share/rmw_fastrtps_cpp/cmake)
-- Using RMW implementation 'rmw_fastrtps_cpp' as default
-- Found ament_lint_auto: 0.12.11 (/opt/ros/humble/share/ament_lint_auto/cmake)
-- Added test 'copyright' to check source files copyright and LICENSE
-- Added test 'cppcheck' to perform static code analysis on C / C++ code
-- Configured cppcheck include dirs: /home/manav/robotis_ws/src/OpenManipulatorX_ROS2-main/DynamixelSDK/dynamixel_sdk_examples/include
-- Configured cppcheck exclude dirs and/or files: 
-- Added test 'cpplint' to check C / C++ code against the Google style
-- Configured cpplint exclude dirs and/or files: 
-- Added test 'lint_cmake' to check CMake code style
-- Added test 'uncrustify' to check C / C++ code style
-- Configured uncrustify additional arguments: 
-- Added test 'xmllint' to check XML markup files
-- Configuring done
-- Generating done
-- Build files have been written to: /home/manav/robotis_ws/build/dynamixel_sdk_examples
[35m[1mConsolidate compiler generated dependencies of target combined_read_write[0m
[35m[1mConsolidate compiler generated dependencies of target read_write_node[0m
[35m[1mConsolidate compiler generated dependencies of target current_read_write_node[0m
[ 16%] [32mBuilding CXX object CMakeFiles/current_read_write_node.dir/src/current_read_write_node.cpp.o[0m
[ 33%] [32mBuilding CXX object CMakeFiles/combined_read_write.dir/src/combined_read_write.cpp.o[0m
[ 50%] [32mBuilding CXX object CMakeFiles/read_write_node.dir/src/read_write_node.cpp.o[0m
In file included from [01m[K/home/manav/robotis_ws/src/OpenManipulatorX_ROS2-main/DynamixelSDK/dynamixel_sdk_examples/src/combined_read_write.cpp:42[m[K:
[01m[K/home/manav/robotis_ws/src/OpenManipulatorX_ROS2-main/DynamixelSDK/dynamixel_sdk_examples/include/combined_read_write.hpp:13:10:[m[K [01;31m[Kfatal error: [m[Kstd_msgs/msg/int32.hpp: No such file or directory
   13 | #include [01;31m[K"std_msgs/msg/int32.hpp"[m[K  // Include for publishing position
      |          [01;31m[K^~~~~~~~~~~~~~~~~~~~~~~~[m[K
compilation terminated.
gmake[2]: *** [CMakeFiles/combined_read_write.dir/build.make:76: CMakeFiles/combined_read_write.dir/src/combined_read_write.cpp.o] Error 1
gmake[1]: *** [CMakeFiles/Makefile2:193: CMakeFiles/combined_read_write.dir/all] Error 2
gmake[1]: *** Waiting for unfinished jobs....
[ 66%] [32m[1mLinking CXX executable current_read_write_node[0m
[ 83%] [32m[1mLinking CXX executable read_write_node[0m
[ 83%] Built target current_read_write_node
[ 83%] Built target read_write_node
gmake: *** [Makefile:146: all] Error 2
